<?xml version="1.0" encoding="UTF-8"?>
<testsuite xmlns:xsi="http://www.w3.org/2001/XMLSchema-instance" xsi:noNamespaceSchemaLocation="https://maven.apache.org/surefire/maven-surefire-plugin/xsd/surefire-test-report.xsd" name="up.god.jooq.AsyncInsertTc" time="5.475" tests="1" errors="0" skipped="0" failures="0">
  <properties>
    <property name="gopherProxySet" value="false"/>
    <property name="awt.toolkit" value="sun.lwawt.macosx.LWCToolkit"/>
    <property name="file.encoding.pkg" value="sun.io"/>
    <property name="java.specification.version" value="1.8"/>
    <property name="sun.cpu.isalist" value=""/>
    <property name="sun.jnu.encoding" value="UTF-8"/>
    <property name="java.class.path" value="/Users/lang/Develop/Source/vertx-zero-example/up-thea/target/test-classes:/Users/lang/Develop/Source/vertx-zero-example/up-thea/target/classes:/Users/lang/.m2/repository/org/projectlombok/lombok/1.18.8/lombok-1.18.8.jar:/Users/lang/.m2/repository/org/apache/httpcomponents/httpclient/4.5.8/httpclient-4.5.8.jar:/Users/lang/.m2/repository/commons-logging/commons-logging/1.2/commons-logging-1.2.jar:/Users/lang/.m2/repository/commons-codec/commons-codec/1.11/commons-codec-1.11.jar:/Users/lang/.m2/repository/org/apache/httpcomponents/httpmime/4.5.8/httpmime-4.5.8.jar:/Users/lang/.m2/repository/org/apache/httpcomponents/httpcore/4.4.11/httpcore-4.4.11.jar:/Users/lang/.m2/repository/com/fasterxml/jackson/module/jackson-module-parameter-names/2.9.9/jackson-module-parameter-names-2.9.9.jar:/Users/lang/.m2/repository/com/fasterxml/jackson/core/jackson-core/2.9.9/jackson-core-2.9.9.jar:/Users/lang/.m2/repository/com/fasterxml/jackson/core/jackson-databind/2.9.9/jackson-databind-2.9.9.jar:/Users/lang/.m2/repository/com/fasterxml/jackson/datatype/jackson-datatype-jdk8/2.9.9/jackson-datatype-jdk8-2.9.9.jar:/Users/lang/.m2/repository/com/fasterxml/jackson/datatype/jackson-datatype-jsr310/2.9.9/jackson-datatype-jsr310-2.9.9.jar:/Users/lang/.m2/repository/com/fasterxml/jackson/core/jackson-annotations/2.9.9/jackson-annotations-2.9.9.jar:/Users/lang/.m2/repository/org/aspectj/aspectjweaver/1.9.4/aspectjweaver-1.9.4.jar:/Users/lang/.m2/repository/org/aspectj/aspectjtools/1.9.4/aspectjtools-1.9.4.jar:/Users/lang/.m2/repository/org/aspectj/aspectjrt/1.9.4/aspectjrt-1.9.4.jar:/Users/lang/.m2/repository/cn/vertxup/vertx-rx/0.4.11-SNAPSHOT/vertx-rx-0.4.11-SNAPSHOT.jar:/Users/lang/.m2/repository/cn/vertxup/vertx-up/0.4.11-SNAPSHOT/vertx-up-0.4.11-SNAPSHOT.jar:/Users/lang/.m2/repository/cn/vertxup/vertx-tp/0.4.11-SNAPSHOT/vertx-tp-0.4.11-SNAPSHOT.jar:/Users/lang/.m2/repository/cn/vertxup/vertx-co/0.4.11-SNAPSHOT/vertx-co-0.4.11-SNAPSHOT.jar:/Users/lang/.m2/repository/commons-net/commons-net/3.6/commons-net-3.6.jar:/Users/lang/.m2/repository/io/vertx/vertx-web/3.7.1/vertx-web-3.7.1.jar:/Users/lang/.m2/repository/io/vertx/vertx-bridge-common/3.7.1/vertx-bridge-common-3.7.1.jar:/Users/lang/.m2/repository/io/vertx/vertx-config-yaml/3.7.1/vertx-config-yaml-3.7.1.jar:/Users/lang/.m2/repository/io/vertx/vertx-config/3.7.1/vertx-config-3.7.1.jar:/Users/lang/.m2/repository/io/netty/netty-transport/4.1.36.Final/netty-transport-4.1.36.Final.jar:/Users/lang/.m2/repository/io/netty/netty-codec/4.1.36.Final/netty-codec-4.1.36.Final.jar:/Users/lang/.m2/repository/io/vertx/vertx-hazelcast/3.7.1/vertx-hazelcast-3.7.1.jar:/Users/lang/.m2/repository/com/hazelcast/hazelcast/3.12/hazelcast-3.12.jar:/Users/lang/.m2/repository/junit/junit/4.12/junit-4.12.jar:/Users/lang/.m2/repository/org/hamcrest/hamcrest-core/1.3/hamcrest-core-1.3.jar:/Users/lang/.m2/repository/com/esotericsoftware/reflectasm/1.11.9/reflectasm-1.11.9.jar:/Users/lang/.m2/repository/javax/inject/javax.inject/1/javax.inject-1.jar:/Users/lang/.m2/repository/org/hibernate/validator/hibernate-validator/6.0.13.Final/hibernate-validator-6.0.13.Final.jar:/Users/lang/.m2/repository/javax/validation/validation-api/2.0.1.Final/validation-api-2.0.1.Final.jar:/Users/lang/.m2/repository/org/jboss/logging/jboss-logging/3.3.2.Final/jboss-logging-3.3.2.Final.jar:/Users/lang/.m2/repository/com/fasterxml/classmate/1.3.4/classmate-1.3.4.jar:/Users/lang/.m2/repository/org/slf4j/jul-to-slf4j/1.7.25/jul-to-slf4j-1.7.25.jar:/Users/lang/.m2/repository/org/slf4j/slf4j-api/1.7.25/slf4j-api-1.7.25.jar:/Users/lang/.m2/repository/ch/qos/logback/logback-classic/1.2.3/logback-classic-1.2.3.jar:/Users/lang/.m2/repository/ch/qos/logback/logback-core/1.2.3/logback-core-1.2.3.jar:/Users/lang/.m2/repository/com/fasterxml/jackson/dataformat/jackson-dataformat-yaml/2.9.9/jackson-dataformat-yaml-2.9.9.jar:/Users/lang/.m2/repository/org/yaml/snakeyaml/1.23/snakeyaml-1.23.jar:/Users/lang/.m2/repository/com/fasterxml/jackson/module/jackson-module-afterburner/2.9.9/jackson-module-afterburner-2.9.9.jar:/Users/lang/.m2/repository/io/reactivex/rxjava2/rxjava/2.2.9/rxjava-2.2.9.jar:/Users/lang/.m2/repository/org/reactivestreams/reactive-streams/1.0.2/reactive-streams-1.0.2.jar:/Users/lang/.m2/repository/javax/servlet/javax.servlet-api/4.0.1/javax.servlet-api-4.0.1.jar:/Users/lang/.m2/repository/cglib/cglib/3.2.12/cglib-3.2.12.jar:/Users/lang/.m2/repository/org/ow2/asm/asm/7.1/asm-7.1.jar:/Users/lang/.m2/repository/org/apache/commons/commons-jexl3/3.1/commons-jexl3-3.1.jar:/Users/lang/.m2/repository/org/jetbrains/annotations/17.0.0/annotations-17.0.0.jar:/Users/lang/.m2/repository/io/vertx/vertx-codegen/3.7.1/vertx-codegen-3.7.1.jar:/Users/lang/.m2/repository/org/mvel/mvel2/2.3.1.Final/mvel2-2.3.1.Final.jar:/Users/lang/.m2/repository/com/netflix/feign/feign-core/8.18.0/feign-core-8.18.0.jar:/Users/lang/.m2/repository/org/jvnet/animal-sniffer-annotation/1.0/animal-sniffer-annotation-1.0.jar:/Users/lang/.m2/repository/com/netflix/feign/feign-jackson/8.18.0/feign-jackson-8.18.0.jar:/Users/lang/.m2/repository/com/zaxxer/HikariCP/3.3.1/HikariCP-3.3.1.jar:/Users/lang/.m2/repository/mysql/mysql-connector-java/8.0.16/mysql-connector-java-8.0.16.jar:/Users/lang/.m2/repository/com/google/protobuf/protobuf-java/3.8.0/protobuf-java-3.8.0.jar:/Users/lang/.m2/repository/io/vertx/vertx-mysql-postgresql-client/3.7.1/vertx-mysql-postgresql-client-3.7.1.jar:/Users/lang/.m2/repository/io/vertx/vertx-sql-common/3.7.1/vertx-sql-common-3.7.1.jar:/Users/lang/.m2/repository/com/github/mauricio/postgresql-async_2.12/0.2.21/postgresql-async_2.12-0.2.21.jar:/Users/lang/.m2/repository/com/github/mauricio/db-async-common_2.12/0.2.21/db-async-common_2.12-0.2.21.jar:/Users/lang/.m2/repository/joda-time/joda-time/2.9.7/joda-time-2.9.7.jar:/Users/lang/.m2/repository/org/joda/joda-convert/1.8.1/joda-convert-1.8.1.jar:/Users/lang/.m2/repository/org/javassist/javassist/3.21.0-GA/javassist-3.21.0-GA.jar:/Users/lang/.m2/repository/com/github/mauricio/mysql-async_2.12/0.2.21/mysql-async_2.12-0.2.21.jar:/Users/lang/.m2/repository/org/scala-lang/scala-library/2.13.0/scala-library-2.13.0.jar:/Users/lang/.m2/repository/io/github/jklingsporn/vertx-jooq-future/2.4.1/vertx-jooq-future-2.4.1.jar:/Users/lang/.m2/repository/me/escoffier/vertx/vertx-completable-future/0.1.1/vertx-completable-future-0.1.1.jar:/Users/lang/.m2/repository/io/github/jklingsporn/vertx-jooq-shared/4.1.0/vertx-jooq-shared-4.1.0.jar:/Users/lang/.m2/repository/io/github/jklingsporn/vertx-jooq-generate/4.1.0/vertx-jooq-generate-4.1.0.jar:/Users/lang/.m2/repository/org/jooq/jooq-codegen/3.10.8/jooq-codegen-3.10.8.jar:/Users/lang/.m2/repository/org/jooq/jooq-meta/3.10.8/jooq-meta-3.10.8.jar:/Users/lang/.m2/repository/org/jooq/jooq/3.10.8/jooq-3.10.8.jar:/Users/lang/.m2/repository/io/vertx/vertx-service-discovery/3.7.1/vertx-service-discovery-3.7.1.jar:/Users/lang/.m2/repository/io/vertx/vertx-circuit-breaker/3.7.1/vertx-circuit-breaker-3.7.1.jar:/Users/lang/.m2/repository/org/hdrhistogram/HdrHistogram/2.1.10/HdrHistogram-2.1.10.jar:/Users/lang/.m2/repository/io/vertx/vertx-web-client/3.7.1/vertx-web-client-3.7.1.jar:/Users/lang/.m2/repository/io/vertx/vertx-web-common/3.7.1/vertx-web-common-3.7.1.jar:/Users/lang/.m2/repository/io/vertx/vertx-health-check/3.7.1/vertx-health-check-3.7.1.jar:/Users/lang/.m2/repository/io/vertx/vertx-auth-mongo/3.7.1/vertx-auth-mongo-3.7.1.jar:/Users/lang/.m2/repository/io/vertx/vertx-auth-common/3.7.1/vertx-auth-common-3.7.1.jar:/Users/lang/.m2/repository/io/vertx/vertx-mongo-client/3.7.1/vertx-mongo-client-3.7.1.jar:/Users/lang/.m2/repository/org/mongodb/mongodb-driver-async/3.10.1/mongodb-driver-async-3.10.1.jar:/Users/lang/.m2/repository/org/mongodb/bson/3.10.1/bson-3.10.1.jar:/Users/lang/.m2/repository/org/mongodb/mongodb-driver-core/3.10.1/mongodb-driver-core-3.10.1.jar:/Users/lang/.m2/repository/io/vertx/vertx-auth-jwt/3.7.1/vertx-auth-jwt-3.7.1.jar:/Users/lang/.m2/repository/io/vertx/vertx-jwt/3.7.1/vertx-jwt-3.7.1.jar:/Users/lang/.m2/repository/io/vertx/vertx-redis-client/3.7.1/vertx-redis-client-3.7.1.jar:/Users/lang/.m2/repository/io/grpc/grpc-core/1.21.0/grpc-core-1.21.0.jar:/Users/lang/.m2/repository/io/opencensus/opencensus-api/0.21.0/opencensus-api-0.21.0.jar:/Users/lang/.m2/repository/io/grpc/grpc-api/1.21.0/grpc-api-1.21.0.jar:/Users/lang/.m2/repository/io/grpc/grpc-context/1.21.0/grpc-context-1.21.0.jar:/Users/lang/.m2/repository/com/google/errorprone/error_prone_annotations/2.3.3/error_prone_annotations-2.3.3.jar:/Users/lang/.m2/repository/com/google/code/findbugs/jsr305/3.0.2/jsr305-3.0.2.jar:/Users/lang/.m2/repository/org/codehaus/mojo/animal-sniffer-annotations/1.17/animal-sniffer-annotations-1.17.jar:/Users/lang/.m2/repository/com/google/guava/guava/27.1-jre/guava-27.1-jre.jar:/Users/lang/.m2/repository/com/google/guava/failureaccess/1.0.1/failureaccess-1.0.1.jar:/Users/lang/.m2/repository/com/google/guava/listenablefuture/9999.0-empty-to-avoid-conflict-with-guava/listenablefuture-9999.0-empty-to-avoid-conflict-with-guava.jar:/Users/lang/.m2/repository/org/checkerframework/checker-qual/2.5.2/checker-qual-2.5.2.jar:/Users/lang/.m2/repository/com/google/j2objc/j2objc-annotations/1.1/j2objc-annotations-1.1.jar:/Users/lang/.m2/repository/com/google/android/annotations/4.1.1.4/annotations-4.1.1.4.jar:/Users/lang/.m2/repository/io/opencensus/opencensus-contrib-grpc-metrics/0.21.0/opencensus-contrib-grpc-metrics-0.21.0.jar:/Users/lang/.m2/repository/io/vertx/vertx-grpc/3.7.1/vertx-grpc-3.7.1.jar:/Users/lang/.m2/repository/io/grpc/grpc-netty/1.21.0/grpc-netty-1.21.0.jar:/Users/lang/.m2/repository/io/grpc/grpc-protobuf/1.21.0/grpc-protobuf-1.21.0.jar:/Users/lang/.m2/repository/com/google/api/grpc/proto-google-common-protos/1.12.0/proto-google-common-protos-1.12.0.jar:/Users/lang/.m2/repository/io/grpc/grpc-protobuf-lite/1.21.0/grpc-protobuf-lite-1.21.0.jar:/Users/lang/.m2/repository/io/grpc/grpc-stub/1.21.0/grpc-stub-1.21.0.jar:/Users/lang/.m2/repository/org/mousio/etcd4j/2.17.0/etcd4j-2.17.0.jar:/Users/lang/.m2/repository/com/github/wnameless/json-flattener/0.6.0/json-flattener-0.6.0.jar:/Users/lang/.m2/repository/com/eclipsesource/minimal-json/minimal-json/0.9.5/minimal-json-0.9.5.jar:/Users/lang/.m2/repository/org/apache/commons/commons-text/1.4/commons-text-1.4.jar:/Users/lang/.m2/repository/org/apache/commons/commons-lang3/3.9/commons-lang3-3.9.jar:/Users/lang/.m2/repository/io/netty/netty-tcnative-boringssl-static/2.0.25.Final/netty-tcnative-boringssl-static-2.0.25.Final.jar:/Users/lang/.m2/repository/io/vertx/vertx-unit/3.7.1/vertx-unit-3.7.1.jar:/Users/lang/.m2/repository/io/vertx/vertx-core/3.7.1/vertx-core-3.7.1.jar:/Users/lang/.m2/repository/io/netty/netty-common/4.1.36.Final/netty-common-4.1.36.Final.jar:/Users/lang/.m2/repository/io/netty/netty-buffer/4.1.36.Final/netty-buffer-4.1.36.Final.jar:/Users/lang/.m2/repository/io/netty/netty-handler/4.1.36.Final/netty-handler-4.1.36.Final.jar:/Users/lang/.m2/repository/io/netty/netty-handler-proxy/4.1.36.Final/netty-handler-proxy-4.1.36.Final.jar:/Users/lang/.m2/repository/io/netty/netty-codec-socks/4.1.36.Final/netty-codec-socks-4.1.36.Final.jar:/Users/lang/.m2/repository/io/netty/netty-codec-http/4.1.36.Final/netty-codec-http-4.1.36.Final.jar:/Users/lang/.m2/repository/io/netty/netty-codec-http2/4.1.36.Final/netty-codec-http2-4.1.36.Final.jar:/Users/lang/.m2/repository/io/netty/netty-resolver/4.1.36.Final/netty-resolver-4.1.36.Final.jar:/Users/lang/.m2/repository/io/netty/netty-resolver-dns/4.1.36.Final/netty-resolver-dns-4.1.36.Final.jar:/Users/lang/.m2/repository/io/netty/netty-codec-dns/4.1.36.Final/netty-codec-dns-4.1.36.Final.jar:/Users/lang/.m2/repository/javax/el/javax.el-api/3.0.1-b06/javax.el-api-3.0.1-b06.jar:/Users/lang/.m2/repository/org/glassfish/javax.el/3.0.1-b11/javax.el-3.0.1-b11.jar:/Users/lang/.m2/repository/org/glassfish/jersey/core/jersey-common/2.28/jersey-common-2.28.jar:/Users/lang/.m2/repository/jakarta/ws/rs/jakarta.ws.rs-api/2.1.5/jakarta.ws.rs-api-2.1.5.jar:/Users/lang/.m2/repository/jakarta/annotation/jakarta.annotation-api/1.3.4/jakarta.annotation-api-1.3.4.jar:/Users/lang/.m2/repository/org/glassfish/hk2/external/jakarta.inject/2.5.0/jakarta.inject-2.5.0.jar:/Users/lang/.m2/repository/org/glassfish/hk2/osgi-resource-locator/1.0.1/osgi-resource-locator-1.0.1.jar:/Users/lang/.m2/repository/io/vertx/vertx-rx-java2/3.7.1/vertx-rx-java2-3.7.1.jar:/Users/lang/.m2/repository/io/vertx/vertx-rx-gen/3.7.1/vertx-rx-gen-3.7.1.jar:"/>
    <property name="java.vm.vendor" value="Azul Systems, Inc."/>
    <property name="sun.arch.data.model" value="64"/>
    <property name="java.vendor.url" value="http://www.azulsystems.com/"/>
    <property name="user.timezone" value=""/>
    <property name="java.vm.specification.version" value="1.8"/>
    <property name="os.name" value="Mac OS X"/>
    <property name="user.country" value="CN"/>
    <property name="sun.java.launcher" value="SUN_STANDARD"/>
    <property name="sun.boot.library.path" value="/Library/Java/JavaVirtualMachines/zulu-8.jdk/Contents/Home/jre/lib"/>
    <property name="sun.java.command" value="/Users/lang/Develop/Source/vertx-zero-example/up-thea/target/surefire/surefirebooter2393649009702289568.jar /Users/lang/Develop/Source/vertx-zero-example/up-thea/target/surefire 2019-06-11T15-31-01_647-jvmRun1 surefire6113892096332319591tmp surefire_03604035896933673623tmp"/>
    <property name="http.nonProxyHosts" value="local|*.local|169.254/16|*.169.254/16"/>
    <property name="surefire.test.class.path" value="/Users/lang/Develop/Source/vertx-zero-example/up-thea/target/test-classes:/Users/lang/Develop/Source/vertx-zero-example/up-thea/target/classes:/Users/lang/.m2/repository/org/projectlombok/lombok/1.18.8/lombok-1.18.8.jar:/Users/lang/.m2/repository/org/apache/httpcomponents/httpclient/4.5.8/httpclient-4.5.8.jar:/Users/lang/.m2/repository/commons-logging/commons-logging/1.2/commons-logging-1.2.jar:/Users/lang/.m2/repository/commons-codec/commons-codec/1.11/commons-codec-1.11.jar:/Users/lang/.m2/repository/org/apache/httpcomponents/httpmime/4.5.8/httpmime-4.5.8.jar:/Users/lang/.m2/repository/org/apache/httpcomponents/httpcore/4.4.11/httpcore-4.4.11.jar:/Users/lang/.m2/repository/com/fasterxml/jackson/module/jackson-module-parameter-names/2.9.9/jackson-module-parameter-names-2.9.9.jar:/Users/lang/.m2/repository/com/fasterxml/jackson/core/jackson-core/2.9.9/jackson-core-2.9.9.jar:/Users/lang/.m2/repository/com/fasterxml/jackson/core/jackson-databind/2.9.9/jackson-databind-2.9.9.jar:/Users/lang/.m2/repository/com/fasterxml/jackson/datatype/jackson-datatype-jdk8/2.9.9/jackson-datatype-jdk8-2.9.9.jar:/Users/lang/.m2/repository/com/fasterxml/jackson/datatype/jackson-datatype-jsr310/2.9.9/jackson-datatype-jsr310-2.9.9.jar:/Users/lang/.m2/repository/com/fasterxml/jackson/core/jackson-annotations/2.9.9/jackson-annotations-2.9.9.jar:/Users/lang/.m2/repository/org/aspectj/aspectjweaver/1.9.4/aspectjweaver-1.9.4.jar:/Users/lang/.m2/repository/org/aspectj/aspectjtools/1.9.4/aspectjtools-1.9.4.jar:/Users/lang/.m2/repository/org/aspectj/aspectjrt/1.9.4/aspectjrt-1.9.4.jar:/Users/lang/.m2/repository/cn/vertxup/vertx-rx/0.4.11-SNAPSHOT/vertx-rx-0.4.11-SNAPSHOT.jar:/Users/lang/.m2/repository/cn/vertxup/vertx-up/0.4.11-SNAPSHOT/vertx-up-0.4.11-SNAPSHOT.jar:/Users/lang/.m2/repository/cn/vertxup/vertx-tp/0.4.11-SNAPSHOT/vertx-tp-0.4.11-SNAPSHOT.jar:/Users/lang/.m2/repository/cn/vertxup/vertx-co/0.4.11-SNAPSHOT/vertx-co-0.4.11-SNAPSHOT.jar:/Users/lang/.m2/repository/commons-net/commons-net/3.6/commons-net-3.6.jar:/Users/lang/.m2/repository/io/vertx/vertx-web/3.7.1/vertx-web-3.7.1.jar:/Users/lang/.m2/repository/io/vertx/vertx-bridge-common/3.7.1/vertx-bridge-common-3.7.1.jar:/Users/lang/.m2/repository/io/vertx/vertx-config-yaml/3.7.1/vertx-config-yaml-3.7.1.jar:/Users/lang/.m2/repository/io/vertx/vertx-config/3.7.1/vertx-config-3.7.1.jar:/Users/lang/.m2/repository/io/netty/netty-transport/4.1.36.Final/netty-transport-4.1.36.Final.jar:/Users/lang/.m2/repository/io/netty/netty-codec/4.1.36.Final/netty-codec-4.1.36.Final.jar:/Users/lang/.m2/repository/io/vertx/vertx-hazelcast/3.7.1/vertx-hazelcast-3.7.1.jar:/Users/lang/.m2/repository/com/hazelcast/hazelcast/3.12/hazelcast-3.12.jar:/Users/lang/.m2/repository/junit/junit/4.12/junit-4.12.jar:/Users/lang/.m2/repository/org/hamcrest/hamcrest-core/1.3/hamcrest-core-1.3.jar:/Users/lang/.m2/repository/com/esotericsoftware/reflectasm/1.11.9/reflectasm-1.11.9.jar:/Users/lang/.m2/repository/javax/inject/javax.inject/1/javax.inject-1.jar:/Users/lang/.m2/repository/org/hibernate/validator/hibernate-validator/6.0.13.Final/hibernate-validator-6.0.13.Final.jar:/Users/lang/.m2/repository/javax/validation/validation-api/2.0.1.Final/validation-api-2.0.1.Final.jar:/Users/lang/.m2/repository/org/jboss/logging/jboss-logging/3.3.2.Final/jboss-logging-3.3.2.Final.jar:/Users/lang/.m2/repository/com/fasterxml/classmate/1.3.4/classmate-1.3.4.jar:/Users/lang/.m2/repository/org/slf4j/jul-to-slf4j/1.7.25/jul-to-slf4j-1.7.25.jar:/Users/lang/.m2/repository/org/slf4j/slf4j-api/1.7.25/slf4j-api-1.7.25.jar:/Users/lang/.m2/repository/ch/qos/logback/logback-classic/1.2.3/logback-classic-1.2.3.jar:/Users/lang/.m2/repository/ch/qos/logback/logback-core/1.2.3/logback-core-1.2.3.jar:/Users/lang/.m2/repository/com/fasterxml/jackson/dataformat/jackson-dataformat-yaml/2.9.9/jackson-dataformat-yaml-2.9.9.jar:/Users/lang/.m2/repository/org/yaml/snakeyaml/1.23/snakeyaml-1.23.jar:/Users/lang/.m2/repository/com/fasterxml/jackson/module/jackson-module-afterburner/2.9.9/jackson-module-afterburner-2.9.9.jar:/Users/lang/.m2/repository/io/reactivex/rxjava2/rxjava/2.2.9/rxjava-2.2.9.jar:/Users/lang/.m2/repository/org/reactivestreams/reactive-streams/1.0.2/reactive-streams-1.0.2.jar:/Users/lang/.m2/repository/javax/servlet/javax.servlet-api/4.0.1/javax.servlet-api-4.0.1.jar:/Users/lang/.m2/repository/cglib/cglib/3.2.12/cglib-3.2.12.jar:/Users/lang/.m2/repository/org/ow2/asm/asm/7.1/asm-7.1.jar:/Users/lang/.m2/repository/org/apache/commons/commons-jexl3/3.1/commons-jexl3-3.1.jar:/Users/lang/.m2/repository/org/jetbrains/annotations/17.0.0/annotations-17.0.0.jar:/Users/lang/.m2/repository/io/vertx/vertx-codegen/3.7.1/vertx-codegen-3.7.1.jar:/Users/lang/.m2/repository/org/mvel/mvel2/2.3.1.Final/mvel2-2.3.1.Final.jar:/Users/lang/.m2/repository/com/netflix/feign/feign-core/8.18.0/feign-core-8.18.0.jar:/Users/lang/.m2/repository/org/jvnet/animal-sniffer-annotation/1.0/animal-sniffer-annotation-1.0.jar:/Users/lang/.m2/repository/com/netflix/feign/feign-jackson/8.18.0/feign-jackson-8.18.0.jar:/Users/lang/.m2/repository/com/zaxxer/HikariCP/3.3.1/HikariCP-3.3.1.jar:/Users/lang/.m2/repository/mysql/mysql-connector-java/8.0.16/mysql-connector-java-8.0.16.jar:/Users/lang/.m2/repository/com/google/protobuf/protobuf-java/3.8.0/protobuf-java-3.8.0.jar:/Users/lang/.m2/repository/io/vertx/vertx-mysql-postgresql-client/3.7.1/vertx-mysql-postgresql-client-3.7.1.jar:/Users/lang/.m2/repository/io/vertx/vertx-sql-common/3.7.1/vertx-sql-common-3.7.1.jar:/Users/lang/.m2/repository/com/github/mauricio/postgresql-async_2.12/0.2.21/postgresql-async_2.12-0.2.21.jar:/Users/lang/.m2/repository/com/github/mauricio/db-async-common_2.12/0.2.21/db-async-common_2.12-0.2.21.jar:/Users/lang/.m2/repository/joda-time/joda-time/2.9.7/joda-time-2.9.7.jar:/Users/lang/.m2/repository/org/joda/joda-convert/1.8.1/joda-convert-1.8.1.jar:/Users/lang/.m2/repository/org/javassist/javassist/3.21.0-GA/javassist-3.21.0-GA.jar:/Users/lang/.m2/repository/com/github/mauricio/mysql-async_2.12/0.2.21/mysql-async_2.12-0.2.21.jar:/Users/lang/.m2/repository/org/scala-lang/scala-library/2.13.0/scala-library-2.13.0.jar:/Users/lang/.m2/repository/io/github/jklingsporn/vertx-jooq-future/2.4.1/vertx-jooq-future-2.4.1.jar:/Users/lang/.m2/repository/me/escoffier/vertx/vertx-completable-future/0.1.1/vertx-completable-future-0.1.1.jar:/Users/lang/.m2/repository/io/github/jklingsporn/vertx-jooq-shared/4.1.0/vertx-jooq-shared-4.1.0.jar:/Users/lang/.m2/repository/io/github/jklingsporn/vertx-jooq-generate/4.1.0/vertx-jooq-generate-4.1.0.jar:/Users/lang/.m2/repository/org/jooq/jooq-codegen/3.10.8/jooq-codegen-3.10.8.jar:/Users/lang/.m2/repository/org/jooq/jooq-meta/3.10.8/jooq-meta-3.10.8.jar:/Users/lang/.m2/repository/org/jooq/jooq/3.10.8/jooq-3.10.8.jar:/Users/lang/.m2/repository/io/vertx/vertx-service-discovery/3.7.1/vertx-service-discovery-3.7.1.jar:/Users/lang/.m2/repository/io/vertx/vertx-circuit-breaker/3.7.1/vertx-circuit-breaker-3.7.1.jar:/Users/lang/.m2/repository/org/hdrhistogram/HdrHistogram/2.1.10/HdrHistogram-2.1.10.jar:/Users/lang/.m2/repository/io/vertx/vertx-web-client/3.7.1/vertx-web-client-3.7.1.jar:/Users/lang/.m2/repository/io/vertx/vertx-web-common/3.7.1/vertx-web-common-3.7.1.jar:/Users/lang/.m2/repository/io/vertx/vertx-health-check/3.7.1/vertx-health-check-3.7.1.jar:/Users/lang/.m2/repository/io/vertx/vertx-auth-mongo/3.7.1/vertx-auth-mongo-3.7.1.jar:/Users/lang/.m2/repository/io/vertx/vertx-auth-common/3.7.1/vertx-auth-common-3.7.1.jar:/Users/lang/.m2/repository/io/vertx/vertx-mongo-client/3.7.1/vertx-mongo-client-3.7.1.jar:/Users/lang/.m2/repository/org/mongodb/mongodb-driver-async/3.10.1/mongodb-driver-async-3.10.1.jar:/Users/lang/.m2/repository/org/mongodb/bson/3.10.1/bson-3.10.1.jar:/Users/lang/.m2/repository/org/mongodb/mongodb-driver-core/3.10.1/mongodb-driver-core-3.10.1.jar:/Users/lang/.m2/repository/io/vertx/vertx-auth-jwt/3.7.1/vertx-auth-jwt-3.7.1.jar:/Users/lang/.m2/repository/io/vertx/vertx-jwt/3.7.1/vertx-jwt-3.7.1.jar:/Users/lang/.m2/repository/io/vertx/vertx-redis-client/3.7.1/vertx-redis-client-3.7.1.jar:/Users/lang/.m2/repository/io/grpc/grpc-core/1.21.0/grpc-core-1.21.0.jar:/Users/lang/.m2/repository/io/opencensus/opencensus-api/0.21.0/opencensus-api-0.21.0.jar:/Users/lang/.m2/repository/io/grpc/grpc-api/1.21.0/grpc-api-1.21.0.jar:/Users/lang/.m2/repository/io/grpc/grpc-context/1.21.0/grpc-context-1.21.0.jar:/Users/lang/.m2/repository/com/google/errorprone/error_prone_annotations/2.3.3/error_prone_annotations-2.3.3.jar:/Users/lang/.m2/repository/com/google/code/findbugs/jsr305/3.0.2/jsr305-3.0.2.jar:/Users/lang/.m2/repository/org/codehaus/mojo/animal-sniffer-annotations/1.17/animal-sniffer-annotations-1.17.jar:/Users/lang/.m2/repository/com/google/guava/guava/27.1-jre/guava-27.1-jre.jar:/Users/lang/.m2/repository/com/google/guava/failureaccess/1.0.1/failureaccess-1.0.1.jar:/Users/lang/.m2/repository/com/google/guava/listenablefuture/9999.0-empty-to-avoid-conflict-with-guava/listenablefuture-9999.0-empty-to-avoid-conflict-with-guava.jar:/Users/lang/.m2/repository/org/checkerframework/checker-qual/2.5.2/checker-qual-2.5.2.jar:/Users/lang/.m2/repository/com/google/j2objc/j2objc-annotations/1.1/j2objc-annotations-1.1.jar:/Users/lang/.m2/repository/com/google/android/annotations/4.1.1.4/annotations-4.1.1.4.jar:/Users/lang/.m2/repository/io/opencensus/opencensus-contrib-grpc-metrics/0.21.0/opencensus-contrib-grpc-metrics-0.21.0.jar:/Users/lang/.m2/repository/io/vertx/vertx-grpc/3.7.1/vertx-grpc-3.7.1.jar:/Users/lang/.m2/repository/io/grpc/grpc-netty/1.21.0/grpc-netty-1.21.0.jar:/Users/lang/.m2/repository/io/grpc/grpc-protobuf/1.21.0/grpc-protobuf-1.21.0.jar:/Users/lang/.m2/repository/com/google/api/grpc/proto-google-common-protos/1.12.0/proto-google-common-protos-1.12.0.jar:/Users/lang/.m2/repository/io/grpc/grpc-protobuf-lite/1.21.0/grpc-protobuf-lite-1.21.0.jar:/Users/lang/.m2/repository/io/grpc/grpc-stub/1.21.0/grpc-stub-1.21.0.jar:/Users/lang/.m2/repository/org/mousio/etcd4j/2.17.0/etcd4j-2.17.0.jar:/Users/lang/.m2/repository/com/github/wnameless/json-flattener/0.6.0/json-flattener-0.6.0.jar:/Users/lang/.m2/repository/com/eclipsesource/minimal-json/minimal-json/0.9.5/minimal-json-0.9.5.jar:/Users/lang/.m2/repository/org/apache/commons/commons-text/1.4/commons-text-1.4.jar:/Users/lang/.m2/repository/org/apache/commons/commons-lang3/3.9/commons-lang3-3.9.jar:/Users/lang/.m2/repository/io/netty/netty-tcnative-boringssl-static/2.0.25.Final/netty-tcnative-boringssl-static-2.0.25.Final.jar:/Users/lang/.m2/repository/io/vertx/vertx-unit/3.7.1/vertx-unit-3.7.1.jar:/Users/lang/.m2/repository/io/vertx/vertx-core/3.7.1/vertx-core-3.7.1.jar:/Users/lang/.m2/repository/io/netty/netty-common/4.1.36.Final/netty-common-4.1.36.Final.jar:/Users/lang/.m2/repository/io/netty/netty-buffer/4.1.36.Final/netty-buffer-4.1.36.Final.jar:/Users/lang/.m2/repository/io/netty/netty-handler/4.1.36.Final/netty-handler-4.1.36.Final.jar:/Users/lang/.m2/repository/io/netty/netty-handler-proxy/4.1.36.Final/netty-handler-proxy-4.1.36.Final.jar:/Users/lang/.m2/repository/io/netty/netty-codec-socks/4.1.36.Final/netty-codec-socks-4.1.36.Final.jar:/Users/lang/.m2/repository/io/netty/netty-codec-http/4.1.36.Final/netty-codec-http-4.1.36.Final.jar:/Users/lang/.m2/repository/io/netty/netty-codec-http2/4.1.36.Final/netty-codec-http2-4.1.36.Final.jar:/Users/lang/.m2/repository/io/netty/netty-resolver/4.1.36.Final/netty-resolver-4.1.36.Final.jar:/Users/lang/.m2/repository/io/netty/netty-resolver-dns/4.1.36.Final/netty-resolver-dns-4.1.36.Final.jar:/Users/lang/.m2/repository/io/netty/netty-codec-dns/4.1.36.Final/netty-codec-dns-4.1.36.Final.jar:/Users/lang/.m2/repository/javax/el/javax.el-api/3.0.1-b06/javax.el-api-3.0.1-b06.jar:/Users/lang/.m2/repository/org/glassfish/javax.el/3.0.1-b11/javax.el-3.0.1-b11.jar:/Users/lang/.m2/repository/org/glassfish/jersey/core/jersey-common/2.28/jersey-common-2.28.jar:/Users/lang/.m2/repository/jakarta/ws/rs/jakarta.ws.rs-api/2.1.5/jakarta.ws.rs-api-2.1.5.jar:/Users/lang/.m2/repository/jakarta/annotation/jakarta.annotation-api/1.3.4/jakarta.annotation-api-1.3.4.jar:/Users/lang/.m2/repository/org/glassfish/hk2/external/jakarta.inject/2.5.0/jakarta.inject-2.5.0.jar:/Users/lang/.m2/repository/org/glassfish/hk2/osgi-resource-locator/1.0.1/osgi-resource-locator-1.0.1.jar:/Users/lang/.m2/repository/io/vertx/vertx-rx-java2/3.7.1/vertx-rx-java2-3.7.1.jar:/Users/lang/.m2/repository/io/vertx/vertx-rx-gen/3.7.1/vertx-rx-gen-3.7.1.jar:"/>
    <property name="sun.cpu.endian" value="little"/>
    <property name="user.home" value="/Users/lang"/>
    <property name="user.language" value="en"/>
    <property name="java.specification.vendor" value="Oracle Corporation"/>
    <property name="java.home" value="/Library/Java/JavaVirtualMachines/zulu-8.jdk/Contents/Home/jre"/>
    <property name="basedir" value="/Users/lang/Develop/Source/vertx-zero-example/up-thea"/>
    <property name="file.separator" value="/"/>
    <property name="line.separator" value="&#10;"/>
    <property name="java.vm.specification.vendor" value="Oracle Corporation"/>
    <property name="java.specification.name" value="Java Platform API Specification"/>
    <property name="java.awt.graphicsenv" value="sun.awt.CGraphicsEnvironment"/>
    <property name="surefire.real.class.path" value="/Users/lang/Develop/Source/vertx-zero-example/up-thea/target/surefire/surefirebooter2393649009702289568.jar"/>
    <property name="sun.boot.class.path" value="/Library/Java/JavaVirtualMachines/zulu-8.jdk/Contents/Home/jre/lib/resources.jar:/Library/Java/JavaVirtualMachines/zulu-8.jdk/Contents/Home/jre/lib/rt.jar:/Library/Java/JavaVirtualMachines/zulu-8.jdk/Contents/Home/jre/lib/sunrsasign.jar:/Library/Java/JavaVirtualMachines/zulu-8.jdk/Contents/Home/jre/lib/jsse.jar:/Library/Java/JavaVirtualMachines/zulu-8.jdk/Contents/Home/jre/lib/jce.jar:/Library/Java/JavaVirtualMachines/zulu-8.jdk/Contents/Home/jre/lib/charsets.jar:/Library/Java/JavaVirtualMachines/zulu-8.jdk/Contents/Home/jre/lib/jfr.jar:/Library/Java/JavaVirtualMachines/zulu-8.jdk/Contents/Home/jre/classes"/>
    <property name="sun.management.compiler" value="HotSpot 64-Bit Tiered Compilers"/>
    <property name="ftp.nonProxyHosts" value="local|*.local|169.254/16|*.169.254/16"/>
    <property name="java.runtime.version" value="1.8.0_212-b04"/>
    <property name="user.name" value="lang"/>
    <property name="path.separator" value=":"/>
    <property name="os.version" value="10.14.5"/>
    <property name="java.endorsed.dirs" value="/Library/Java/JavaVirtualMachines/zulu-8.jdk/Contents/Home/jre/lib/endorsed"/>
    <property name="java.runtime.name" value="OpenJDK Runtime Environment"/>
    <property name="file.encoding" value="UTF-8"/>
    <property name="java.vm.name" value="OpenJDK 64-Bit Server VM"/>
    <property name="localRepository" value="/Users/lang/.m2/repository"/>
    <property name="java.vendor.url.bug" value="http://www.azulsystems.com/support/"/>
    <property name="java.io.tmpdir" value="/var/folders/lm/r14tlhyj7fncnytfwf3v8dc00000gn/T/"/>
    <property name="java.version" value="1.8.0_212"/>
    <property name="user.dir" value="/Users/lang/Develop/Source/vertx-zero-example/up-thea"/>
    <property name="os.arch" value="x86_64"/>
    <property name="java.vm.specification.name" value="Java Virtual Machine Specification"/>
    <property name="java.awt.printerjob" value="sun.lwawt.macosx.CPrinterJob"/>
    <property name="sun.os.patch.level" value="unknown"/>
    <property name="java.library.path" value="/Users/lang/Library/Java/Extensions:/Library/Java/Extensions:/Network/Library/Java/Extensions:/System/Library/Java/Extensions:/usr/lib/java:."/>
    <property name="java.vm.info" value="mixed mode"/>
    <property name="java.vendor" value="Azul Systems, Inc."/>
    <property name="java.vm.version" value="25.212-b04"/>
    <property name="java.ext.dirs" value="/Users/lang/Library/Java/Extensions:/Library/Java/JavaVirtualMachines/zulu-8.jdk/Contents/Home/jre/lib/ext:/Library/Java/Extensions:/Network/Library/Java/Extensions:/System/Library/Java/Extensions:/usr/lib/java"/>
    <property name="sun.io.unicode.encoding" value="UnicodeBig"/>
    <property name="java.class.version" value="52.0"/>
    <property name="socksNonProxyHosts" value="local|*.local|169.254/16|*.169.254/16"/>
  </properties>
  <testcase name="testInsert" classname="up.god.jooq.AsyncInsertTc" time="0.164"/>
</testsuite>